<?xml version="1.0" encoding="UTF-8"?>
<!-- Generated by org.testng.reporters.JUnitXMLReporter -->
<testsuite ignored="3" hostname="DESKTOP-V62BBK2" failures="0" tests="6" name="Default test" time="116.451" errors="0" timestamp="2023-02-02T12:22:42 IST">
  <testcase classname="test.testTreatians" name="loginTest1" time="28.155"/>
  <testcase classname="test.testTreatians" name="loginTest1" time="15.658"/>
  <testcase classname="test.testTreatians" name="loginTest1" time="14.613"/>
  <testcase classname="test.testTreatians" name="loginTest1" time="12.047"/>
  <testcase classname="test.testTreatians" name="loginTest1" time="11.958"/>
  <testcase classname="test.testTreatians" name="loginTest1" time="12.396"/>
  <testcase classname="test.testTreatians" name="verifyAppointment" time="0.0">
    <ignored/>
  </testcase> <!-- verifyAppointment -->
  <testcase classname="test.testTreatians" name="creatingNewUser" time="0.0">
    <ignored/>
  </testcase> <!-- creatingNewUser -->
  <testcase classname="test.testTreatians" name="BookAppointment" time="0.0">
    <ignored/>
  </testcase> <!-- BookAppointment -->
</testsuite> <!-- Default test -->
