<?xml version="1.0" encoding="UTF-8"?>
<!-- Generated by org.testng.reporters.JUnitXMLReporter -->
<testsuite ignored="3" hostname="DESKTOP-V62BBK2" failures="0" tests="1" name="Default test" time="105.433" errors="0" timestamp="2023-02-08T12:30:58 IST">
  <testcase classname="test.testTreatians" name="creatingNewUser" time="48.613"/>
  <testcase classname="test.testTreatians" name="verifyAppointment" time="0.0">
    <ignored/>
  </testcase> <!-- verifyAppointment -->
  <testcase classname="test.testTreatians" name="loginTest1" time="0.0">
    <ignored/>
  </testcase> <!-- loginTest1 -->
  <testcase classname="test.testTreatians" name="BookAppointment" time="0.0">
    <ignored/>
  </testcase> <!-- BookAppointment -->
</testsuite> <!-- Default test -->
