<?xml version="1.0" encoding="UTF-8"?>
<testng-results ignored="3" total="9" passed="6" failed="0" skipped="0">
  <reporter-output>
  </reporter-output>
  <suite started-at="2023-02-02T12:20:45 IST" name="Default suite" finished-at="2023-02-02T12:22:42 IST" duration-ms="116451">
    <groups>
    </groups>
    <test started-at="2023-02-02T12:20:45 IST" name="Default test" finished-at="2023-02-02T12:22:42 IST" duration-ms="116451">
      <class name="test.testTreatians">
        <test-method is-config="true" signature="setup()[pri:0, instance:test.testTreatians@7331196b]" started-at="2023-02-02T12:20:45 IST" name="setup" finished-at="2023-02-02T12:21:03 IST" duration-ms="17433" status="PASS">
          <reporter-output>
          </reporter-output>
        </test-method> <!-- setup -->
        <test-method signature="loginTest1(java.lang.String,java.lang.String,java.lang.String)[pri:2, instance:test.testTreatians@7331196b]" started-at="2023-02-02T12:21:06 IST" name="loginTest1" data-provider="logindata" finished-at="2023-02-02T12:21:34 IST" duration-ms="28155" status="PASS">
          <params>
            <param index="0">
              <value>
                <![CDATA[gayaas@gmail.com]]>
              </value>
            </param>
            <param index="1">
              <value>
                <![CDATA[12345678]]>
              </value>
            </param>
            <param index="2">
              <value>
                <![CDATA[valid]]>
              </value>
            </param>
          </params>
          <reporter-output>
          </reporter-output>
        </test-method> <!-- loginTest1 -->
        <test-method signature="loginTest1(java.lang.String,java.lang.String,java.lang.String)[pri:2, instance:test.testTreatians@7331196b]" started-at="2023-02-02T12:21:34 IST" name="loginTest1" data-provider="logindata" finished-at="2023-02-02T12:21:50 IST" duration-ms="15658" status="PASS">
          <params>
            <param index="0">
              <value>
                <![CDATA[Gayaas@gmail.com]]>
              </value>
            </param>
            <param index="1">
              <value>
                <![CDATA[12345678]]>
              </value>
            </param>
            <param index="2">
              <value>
                <![CDATA[valid]]>
              </value>
            </param>
          </params>
          <reporter-output>
          </reporter-output>
        </test-method> <!-- loginTest1 -->
        <test-method signature="loginTest1(java.lang.String,java.lang.String,java.lang.String)[pri:2, instance:test.testTreatians@7331196b]" started-at="2023-02-02T12:21:50 IST" name="loginTest1" data-provider="logindata" finished-at="2023-02-02T12:22:04 IST" duration-ms="14613" status="PASS">
          <params>
            <param index="0">
              <value>
                <![CDATA[GAYAAS@gmail.com]]>
              </value>
            </param>
            <param index="1">
              <value>
                <![CDATA[12345678]]>
              </value>
            </param>
            <param index="2">
              <value>
                <![CDATA[valid]]>
              </value>
            </param>
          </params>
          <reporter-output>
          </reporter-output>
        </test-method> <!-- loginTest1 -->
        <test-method signature="loginTest1(java.lang.String,java.lang.String,java.lang.String)[pri:2, instance:test.testTreatians@7331196b]" started-at="2023-02-02T12:22:04 IST" name="loginTest1" data-provider="logindata" finished-at="2023-02-02T12:22:16 IST" duration-ms="12047" status="PASS">
          <params>
            <param index="0">
              <value>
                <![CDATA[gayaas@gmail.com]]>
              </value>
            </param>
            <param index="1">
              <value>
                <![CDATA[87654321]]>
              </value>
            </param>
            <param index="2">
              <value>
                <![CDATA[invalid]]>
              </value>
            </param>
          </params>
          <reporter-output>
          </reporter-output>
        </test-method> <!-- loginTest1 -->
        <test-method signature="loginTest1(java.lang.String,java.lang.String,java.lang.String)[pri:2, instance:test.testTreatians@7331196b]" started-at="2023-02-02T12:22:16 IST" name="loginTest1" data-provider="logindata" finished-at="2023-02-02T12:22:28 IST" duration-ms="11958" status="PASS">
          <params>
            <param index="0">
              <value>
                <![CDATA[12345678]]>
              </value>
            </param>
            <param index="1">
              <value>
                <![CDATA[gayaas@gmail.com]]>
              </value>
            </param>
            <param index="2">
              <value>
                <![CDATA[invalid]]>
              </value>
            </param>
          </params>
          <reporter-output>
          </reporter-output>
        </test-method> <!-- loginTest1 -->
        <test-method signature="loginTest1(java.lang.String,java.lang.String,java.lang.String)[pri:2, instance:test.testTreatians@7331196b]" started-at="2023-02-02T12:22:28 IST" name="loginTest1" data-provider="logindata" finished-at="2023-02-02T12:22:41 IST" duration-ms="12396" status="PASS">
          <params>
            <param index="0">
              <value>
                <![CDATA[gayaas@]]>
              </value>
            </param>
            <param index="1">
              <value>
                <![CDATA[12345678]]>
              </value>
            </param>
            <param index="2">
              <value>
                <![CDATA[invalid]]>
              </value>
            </param>
          </params>
          <reporter-output>
          </reporter-output>
        </test-method> <!-- loginTest1 -->
        <test-method is-config="true" signature="tearDown()[pri:0, instance:test.testTreatians@7331196b]" started-at="2023-02-02T12:22:41 IST" name="tearDown" finished-at="2023-02-02T12:22:42 IST" duration-ms="1004" status="PASS">
          <reporter-output>
          </reporter-output>
        </test-method> <!-- tearDown -->
      </class> <!-- test.testTreatians -->
    </test> <!-- Default test -->
  </suite> <!-- Default suite -->
</testng-results>
